<?xml version="1.0" encoding="UTF-8"?>
<testng-results ignored="0" total="2" passed="2" failed="0" skipped="0">
  <reporter-output>
  </reporter-output>
  <suite started-at="2023-02-27T10:44:07 IST" name="Default suite" finished-at="2023-02-27T10:44:43 IST" duration-ms="36469">
    <groups>
    </groups>
    <test started-at="2023-02-27T10:44:07 IST" name="Default test" finished-at="2023-02-27T10:44:43 IST" duration-ms="36469">
      <class name="abc.JavaTodo">
        <test-method signature="testWin10()[pri:0, instance:abc.JavaTodo@6580cfdd]" started-at="2023-02-27T10:44:07 IST" name="testWin10" finished-at="2023-02-27T10:44:24 IST" duration-ms="17508" status="PASS">
          <reporter-output>
          </reporter-output>
        </test-method> <!-- testWin10 -->
        <test-method signature="testWin11()[pri:0, instance:abc.JavaTodo@6580cfdd]" started-at="2023-02-27T10:44:24 IST" name="testWin11" finished-at="2023-02-27T10:44:43 IST" duration-ms="18880" status="PASS">
          <reporter-output>
          </reporter-output>
        </test-method> <!-- testWin11 -->
      </class> <!-- abc.JavaTodo -->
    </test> <!-- Default test -->
  </suite> <!-- Default suite -->
</testng-results>
