<?xml version="1.0" encoding="UTF-8"?>
<testng-results ignored="0" total="2" passed="2" failed="0" skipped="0">
  <reporter-output>
  </reporter-output>
  <suite started-at="2023-02-28T12:22:46 IST" name="Default suite" finished-at="2023-02-28T12:23:22 IST" duration-ms="35876">
    <groups>
    </groups>
    <test started-at="2023-02-28T12:22:46 IST" name="Default test" finished-at="2023-02-28T12:23:22 IST" duration-ms="35876">
      <class name="abc.JavaTodo">
        <test-method signature="testWin10()[pri:0, instance:abc.JavaTodo@1e683a3e]" started-at="2023-02-28T12:22:46 IST" name="testWin10" finished-at="2023-02-28T12:23:05 IST" duration-ms="18298" status="PASS">
          <reporter-output>
          </reporter-output>
        </test-method> <!-- testWin10 -->
        <test-method signature="testWin11()[pri:0, instance:abc.JavaTodo@1e683a3e]" started-at="2023-02-28T12:23:05 IST" name="testWin11" finished-at="2023-02-28T12:23:22 IST" duration-ms="17529" status="PASS">
          <reporter-output>
          </reporter-output>
        </test-method> <!-- testWin11 -->
      </class> <!-- abc.JavaTodo -->
    </test> <!-- Default test -->
  </suite> <!-- Default suite -->
</testng-results>
